<?xml version="1.0" encoding="UTF-8"?>
<!-- Generated by org.testng.reporters.JUnitReportReporter -->
<testsuite hostname="DESKTOP-7FU9MGT" failures="0" tests="3" name="Tdd.Framework.Login" time="51.378" errors="0" timestamp="2023-07-11T19:07:55 IST" skipped="0">
  <testcase classname="Tdd.Framework.Login" name="myTestMethod" time="7.303"/>
  <system-out/>
  <testcase classname="Tdd.Framework.Login" name="myTestMethod" time="5.214"/>
  <system-out/>
  <testcase classname="Tdd.Framework.Login" name="myTestMethod" time="38.861"/>
  <system-out/>
</testsuite> <!-- Tdd.Framework.Login -->
